<?xml version="1.0" encoding="UTF-8"?>
<!-- Generated by org.testng.reporters.JUnitReportReporter -->
<testsuite hostname="DESKTOP-NP0C5JN" name="com.MyTests.LoginTest" tests="4" failures="0" timestamp="13 Jun 2020 21:02:59 GMT" time="55.250" errors="0">
  <testcase name="verfiyLoginPageTitleTest" time="16.740" classname="com.MyTests.LoginTest"/>
  <testcase name="verfiyLoginPageTitleTest" time="13.530" classname="com.MyTests.LoginTest"/>
  <testcase name="verfiyLoginPageHeaderTest" time="10.995" classname="com.MyTests.LoginTest"/>
  <testcase name="verfiyLoginPageHeaderTest" time="13.985" classname="com.MyTests.LoginTest"/>
</testsuite> <!-- com.MyTests.LoginTest -->
